<?xml version="1.0" encoding="utf-8"?><testsuites name="pytest tests"><testsuite name="pytest" errors="0" failures="0" skipped="0" tests="13" time="8.017" timestamp="2026-02-07T23:32:00.261849+00:00" hostname="agent-env-3f3f1ccb-6577-4474-8378-46dc01b44168"><testcase classname="backend.tests.test_security_and_payment.TestAuthentication" name="test_super_admin_login" time="0.377" /><testcase classname="backend.tests.test_security_and_payment.TestAuthentication" name="test_business_user_login" time="0.278" /><testcase classname="backend.tests.test_security_and_payment.TestSuperAdminVisibility" name="test_super_admin_can_see_all_users" time="0.322" /><testcase classname="backend.tests.test_security_and_payment.TestSuperAdminVisibility" name="test_business_user_cannot_see_super_admin" time="0.640" /><testcase classname="backend.tests.test_security_and_payment.TestSuperAdminVisibility" name="test_business_user_cannot_filter_super_admin" time="0.599" /><testcase classname="backend.tests.test_security_and_payment.TestSuperAdminVisibility" name="test_business_user_cannot_access_super_admin_by_id" time="0.669" /><testcase classname="backend.tests.test_security_and_payment.TestDataIsolationByBusiness" name="test_super_admin_sees_all_users" time="0.344" /><testcase classname="backend.tests.test_security_and_payment.TestDataIsolationByBusiness" name="test_users_filtered_by_business" time="0.361" /><testcase classname="backend.tests.test_security_and_payment.TestUserRoleUpdate" name="test_super_admin_can_update_user_role" time="0.824" /><testcase classname="backend.tests.test_security_and_payment.TestPaymentFlow" name="test_complete_appointment_with_cash" time="1.358" /><testcase classname="backend.tests.test_security_and_payment.TestPaymentFlow" name="test_complete_appointment_with_transfer" time="0.731" /><testcase classname="backend.tests.test_security_and_payment.TestPaymentFlow" name="test_complete_appointment_with_pending" time="0.768" /><testcase classname="backend.tests.test_security_and_payment.TestCreateClientPermissions" name="test_super_admin_can_create_client" time="0.675" /></testsuite></testsuites>